<?xml version="1.0" encoding="UTF-8"?>
<!-- Generated by org.testng.reporters.JUnitXMLReporter -->
<testsuite hostname="RSTP0296" ignored="0" name="Default test" tests="4" failures="0" timestamp="06 Nov 2017 20:54:23 GMT" time="22.761" errors="0">
  <testcase name="testEasy" time="1.614" classname="RiseSuite.NewTest"/>
  <testcase name="findBrokenLinks" time="9.069" classname="RiseSuite.FindBrokenLinks"/>
  <testcase name="redirects" time="5.574" classname="RiseSuite.Redirects"/>
  <testcase name="testgooglesearch" time="2.781" classname="RiseSuite.jenkins_demo"/>
</testsuite> <!-- Default test -->
