<?xml version="1.0" encoding="UTF-8"?>
<!-- Generated by org.testng.reporters.JUnitXMLReporter -->
<testsuite hostname="RSTP0296" ignored="0" name="Default test" tests="3" failures="0" timestamp="06 Nov 2017 18:23:24 GMT" time="11.58" errors="0">
  <testcase name="findBrokenLinks" time="4.435" classname="MyTestNG.FindBrokenLinks"/>
  <testcase name="redirects" time="4.843" classname="MyTestNG.Redirects"/>
  <testcase name="testgooglesearch" time="2.285" classname="MyTestNG.jenkins_demo"/>
</testsuite> <!-- Default test -->
