<?xml version="1.0" encoding="UTF-8"?>
<testng-results skipped="0" failed="0" ignored="0" total="1" passed="1">
  <reporter-output>
  </reporter-output>
  <suite name="Suite" duration-ms="5123" started-at="2017-11-06T16:10:27Z" finished-at="2017-11-06T16:10:33Z">
    <groups>
    </groups>
    <test name="Test" duration-ms="5123" started-at="2017-11-06T16:10:27Z" finished-at="2017-11-06T16:10:33Z">
      <class name="RiseSuite.NewTest">
        <test-method status="PASS" signature="beforeTest()[pri:0, instance:RiseSuite.NewTest@77b52d12]" name="beforeTest" is-config="true" duration-ms="2550" started-at="2017-11-06T10:10:27Z" finished-at="2017-11-06T10:10:30Z">
          <reporter-output>
          </reporter-output>
        </test-method> <!-- beforeTest -->
        <test-method status="PASS" signature="testEasy()[pri:0, instance:RiseSuite.NewTest@77b52d12]" name="testEasy" duration-ms="1727" started-at="2017-11-06T10:10:30Z" finished-at="2017-11-06T10:10:32Z">
          <reporter-output>
          </reporter-output>
        </test-method> <!-- testEasy -->
        <test-method status="PASS" signature="afterTest()[pri:0, instance:RiseSuite.NewTest@77b52d12]" name="afterTest" is-config="true" duration-ms="835" started-at="2017-11-06T10:10:32Z" finished-at="2017-11-06T10:10:33Z">
          <reporter-output>
          </reporter-output>
        </test-method> <!-- afterTest -->
      </class> <!-- RiseSuite.NewTest -->
    </test> <!-- Test -->
  </suite> <!-- Suite -->
</testng-results>
