<?xml version="1.0" encoding="UTF-8"?>
<testng-results skipped="0" failed="0" ignored="0" total="1" passed="1">
  <reporter-output>
  </reporter-output>
  <suite name="Default suite" duration-ms="6521" started-at="2017-06-16T19:21:49Z" finished-at="2017-06-16T19:21:55Z">
    <groups>
    </groups>
    <test name="Default test" duration-ms="6521" started-at="2017-06-16T19:21:49Z" finished-at="2017-06-16T19:21:55Z">
      <class name="MyTestNG.MyTestNG">
        <test-method status="PASS" signature="FindLinks()[pri:0, instance:MyTestNG.MyTestNG@4de8b406]" name="FindLinks" duration-ms="6493" started-at="2017-06-16T14:21:49Z" finished-at="2017-06-16T14:21:55Z">
          <reporter-output>
          </reporter-output>
        </test-method> <!-- FindLinks -->
      </class> <!-- MyTestNG.MyTestNG -->
    </test> <!-- Default test -->
  </suite> <!-- Default suite -->
</testng-results>
