<?xml version="1.0" encoding="UTF-8"?>
<!-- Generated by org.testng.reporters.JUnitXMLReporter -->
<testsuite hostname="RSTP0296" ignored="0" name="ChromeTest" tests="4" failures="0" timestamp="07 Nov 2017 23:17:03 GMT" time="25.157" errors="0">
  <testcase name="testEasy" time="0.832" classname="risePages.NewTest"/>
  <testcase name="findBrokenLinks" time="13.188" classname="risePages.FindBrokenLinks"/>
  <testcase name="testgooglesearch" time="0.384" classname="risePages.jenkins_demo"/>
  <testcase name="redirects" time="5.53" classname="risePages.Redirects"/>
</testsuite> <!-- ChromeTest -->
