<?xml version="1.0" encoding="UTF-8"?>
<!-- Generated by org.testng.reporters.JUnitXMLReporter -->
<testsuite hostname="RSTP0296" ignored="0" name="Test" tests="4" failures="0" timestamp="06 Nov 2017 20:56:40 GMT" time="38.658" errors="0">
  <testcase name="testEasy" time="1.673" classname="RiseSuite.NewTest"/>
  <testcase name="findBrokenLinks" time="4.219" classname="RiseSuite.FindBrokenLinks"/>
  <testcase name="testgooglesearch" time="2.374" classname="RiseSuite.jenkins_demo"/>
  <testcase name="redirects" time="26.229" classname="RiseSuite.Redirects"/>
</testsuite> <!-- Test -->
