<?xml version="1.0" encoding="UTF-8"?>
<testng-results skipped="0" failed="0" ignored="0" total="1" passed="1">
  <reporter-output>
  </reporter-output>
  <suite name="Default suite" duration-ms="2853" started-at="2017-10-20T20:15:37Z" finished-at="2017-10-20T20:15:40Z">
    <groups>
    </groups>
    <test name="Default test" duration-ms="2853" started-at="2017-10-20T20:15:37Z" finished-at="2017-10-20T20:15:40Z">
      <class name="MyTestNG.jenkins_demo">
        <test-method status="PASS" signature="testgooglesearch()[pri:0, instance:MyTestNG.jenkins_demo@6ea6d14e]" name="testgooglesearch" duration-ms="2836" started-at="2017-10-20T15:15:37Z" finished-at="2017-10-20T15:15:40Z">
          <reporter-output>
          </reporter-output>
        </test-method> <!-- testgooglesearch -->
      </class> <!-- MyTestNG.jenkins_demo -->
    </test> <!-- Default test -->
  </suite> <!-- Default suite -->
</testng-results>
