<?xml version="1.0" encoding="UTF-8"?>
<testng-results skipped="0" failed="0" ignored="0" total="4" passed="4">
  <reporter-output>
  </reporter-output>
  <suite name="Default suite" duration-ms="22761" started-at="2017-11-06T20:54:00Z" finished-at="2017-11-06T20:54:23Z">
    <groups>
    </groups>
    <test name="Default test" duration-ms="22761" started-at="2017-11-06T20:54:00Z" finished-at="2017-11-06T20:54:23Z">
      <class name="RiseSuite.jenkins_demo">
        <test-method status="PASS" signature="testgooglesearch()[pri:0, instance:RiseSuite.jenkins_demo@4dfa3a9d]" name="testgooglesearch" duration-ms="2781" started-at="2017-11-06T14:54:19Z" finished-at="2017-11-06T14:54:22Z">
          <reporter-output>
          </reporter-output>
        </test-method> <!-- testgooglesearch -->
      </class> <!-- RiseSuite.jenkins_demo -->
      <class name="RiseSuite.Redirects">
        <test-method status="PASS" signature="redirects()[pri:0, instance:RiseSuite.Redirects@146ba0ac]" name="redirects" duration-ms="5574" started-at="2017-11-06T14:54:13Z" finished-at="2017-11-06T14:54:19Z">
          <reporter-output>
          </reporter-output>
        </test-method> <!-- redirects -->
      </class> <!-- RiseSuite.Redirects -->
      <class name="RiseSuite.NewTest">
        <test-method status="PASS" signature="beforeTest()[pri:0, instance:RiseSuite.NewTest@e25b2fe]" name="beforeTest" is-config="true" duration-ms="2846" started-at="2017-11-06T14:54:00Z" finished-at="2017-11-06T14:54:03Z">
          <reporter-output>
          </reporter-output>
        </test-method> <!-- beforeTest -->
        <test-method status="PASS" signature="testEasy()[pri:0, instance:RiseSuite.NewTest@e25b2fe]" name="testEasy" duration-ms="1614" started-at="2017-11-06T14:54:03Z" finished-at="2017-11-06T14:54:04Z">
          <reporter-output>
          </reporter-output>
        </test-method> <!-- testEasy -->
        <test-method status="PASS" signature="afterTest()[pri:0, instance:RiseSuite.NewTest@e25b2fe]" name="afterTest" is-config="true" duration-ms="831" started-at="2017-11-06T14:54:22Z" finished-at="2017-11-06T14:54:23Z">
          <reporter-output>
          </reporter-output>
        </test-method> <!-- afterTest -->
      </class> <!-- RiseSuite.NewTest -->
      <class name="RiseSuite.FindBrokenLinks">
        <test-method status="PASS" signature="findBrokenLinks()[pri:0, instance:RiseSuite.FindBrokenLinks@754ba872]" name="findBrokenLinks" duration-ms="9069" started-at="2017-11-06T14:54:04Z" finished-at="2017-11-06T14:54:13Z">
          <reporter-output>
          </reporter-output>
        </test-method> <!-- findBrokenLinks -->
      </class> <!-- RiseSuite.FindBrokenLinks -->
    </test> <!-- Default test -->
  </suite> <!-- Default suite -->
</testng-results>
