<?xml version="1.0" encoding="UTF-8"?>
<testng-results skipped="0" failed="0" ignored="0" total="1" passed="1">
  <reporter-output>
  </reporter-output>
  <suite name="Default suite" duration-ms="4199" started-at="2017-11-03T19:44:02Z" finished-at="2017-11-03T19:44:06Z">
    <groups>
    </groups>
    <test name="Default test" duration-ms="4199" started-at="2017-11-03T19:44:02Z" finished-at="2017-11-03T19:44:06Z">
      <class name="RiseSuite.NewTest">
        <test-method status="PASS" signature="beforeTest()[pri:0, instance:RiseSuite.NewTest@5c3bd550]" name="beforeTest" is-config="true" duration-ms="2598" started-at="2017-11-03T14:44:02Z" finished-at="2017-11-03T14:44:05Z">
          <reporter-output>
          </reporter-output>
        </test-method> <!-- beforeTest -->
        <test-method status="PASS" signature="testEasy()[pri:0, instance:RiseSuite.NewTest@5c3bd550]" name="testEasy" duration-ms="840" started-at="2017-11-03T14:44:05Z" finished-at="2017-11-03T14:44:06Z">
          <reporter-output>
          </reporter-output>
        </test-method> <!-- testEasy -->
        <test-method status="PASS" signature="afterTest()[pri:0, instance:RiseSuite.NewTest@5c3bd550]" name="afterTest" is-config="true" duration-ms="747" started-at="2017-11-03T14:44:06Z" finished-at="2017-11-03T14:44:06Z">
          <reporter-output>
          </reporter-output>
        </test-method> <!-- afterTest -->
      </class> <!-- RiseSuite.NewTest -->
    </test> <!-- Default test -->
  </suite> <!-- Default suite -->
</testng-results>
