<?xml version="1.0" encoding="UTF-8"?>
<!-- Generated by org.testng.reporters.JUnitXMLReporter -->
<testsuite hostname="RSTP0296" ignored="0" name="Default test" tests="3" failures="0" timestamp="03 Nov 2017 22:08:09 GMT" time="20.547" errors="0">
  <testcase name="findBrokenLinks" time="13.591" classname="MyTestNG.FindBrokenLinks"/>
  <testcase name="testgooglesearch" time="2.241" classname="MyTestNG.jenkins_demo"/>
  <testcase name="redirects" time="4.696" classname="MyTestNG.Redirects"/>
</testsuite> <!-- Default test -->
