<?xml version="1.0" encoding="UTF-8"?>
<!-- Generated by org.testng.reporters.JUnitXMLReporter -->
<testsuite hostname="RSTP0296" ignored="0" name="Default test" tests="3" failures="0" timestamp="30 Oct 2017 16:35:55 GMT" time="16.741" errors="0">
  <testcase name="findBrokenLinks" time="4.394" classname="MyTestNG.FindBrokenLinks"/>
  <testcase name="testgooglesearch" time="2.271" classname="MyTestNG.jenkins_demo"/>
  <testcase name="redirects" time="10.058" classname="MyTestNG.Redirects"/>
</testsuite> <!-- Default test -->
